[2018-09-10 22:29:25] my_logger.INFO: get request to /hello/danny [] []
[2018-09-10 22:31:03] my_logger.INFO: GET /books [] []
[2018-09-10 22:31:48] my_logger.INFO: GET /books [] []
[2018-09-10 22:31:51] my_logger.INFO: GET /books [] []
[2018-09-10 22:32:08] my_logger.INFO: GET /books [] []
[2018-09-10 22:32:28] my_logger.INFO: GET /books [] []
[2018-09-10 22:32:46] my_logger.INFO: GET /books [] []
[2018-09-10 22:33:13] my_logger.INFO: get request to /hello/your_name_here [] []
[2018-09-10 22:33:19] my_logger.INFO: GET /books [] []
[2018-09-10 22:34:18] my_logger.INFO: GET /books [] []
[2018-09-10 22:36:17] my_logger.INFO: GET /books [] []
[2018-09-10 22:36:22] my_logger.INFO: GET /books [] []
[2018-09-10 22:37:30] my_logger.INFO: GET /books [] []
[2018-09-10 22:39:57] my_logger.INFO: GET /books/1 [] []
[2018-09-10 22:43:46] my_logger.INFO: GET /books/1 [] []
[2018-09-10 22:46:29] my_logger.INFO: get request to /hello/Joe [] []
[2018-09-10 22:47:12] my_logger.INFO: get request to /hello/Joe [] []
[2018-09-10 22:47:13] my_logger.INFO: GET /books [] []
[2018-09-10 22:47:49] my_logger.INFO: get request to /hello/Joe [] []
[2018-09-10 22:47:49] my_logger.INFO: GET /books [] []
[2018-09-10 22:47:49] my_logger.INFO: GET /books/1 [] []
[2018-09-10 22:49:32] my_logger.INFO: get request to /hello/Joe [] []
[2018-09-10 22:49:32] my_logger.INFO: GET /books [] []
[2018-09-10 22:49:32] my_logger.INFO: GET /books/1 [] []
[2018-09-10 22:49:32] my_logger.INFO: GET /books/1 [] []
[2018-09-10 22:50:38] my_logger.INFO: get request to /hello/Joe [] []
[2018-09-10 22:50:38] my_logger.INFO: GET /books [] []
[2018-09-10 22:50:38] my_logger.INFO: GET /books/1 [] []
[2018-09-10 22:50:38] my_logger.INFO: GET /books/1 [] []
[2018-09-10 22:50:38] my_logger.INFO: PUT /books/1 [] []
[2018-09-10 22:51:29] my_logger.INFO: get request to /hello/Joe [] []
[2018-09-10 22:51:29] my_logger.INFO: GET /books [] []
[2018-09-10 22:51:29] my_logger.INFO: GET /books/1 [] []
[2018-09-10 22:51:29] my_logger.INFO: GET /books/1 [] []
[2018-09-10 22:51:29] my_logger.INFO: PUT /books/1 [] []
[2018-09-10 22:51:29] my_logger.INFO: PUT /books/1 [] []
[2018-09-10 22:52:11] my_logger.INFO: get request to /hello/Joe [] []
[2018-09-10 22:52:11] my_logger.INFO: GET /books [] []
[2018-09-10 22:52:11] my_logger.INFO: GET /books/1 [] []
[2018-09-10 22:52:11] my_logger.INFO: GET /books/1 [] []
[2018-09-10 22:52:11] my_logger.INFO: PUT /books/1 [] []
[2018-09-10 22:52:11] my_logger.INFO: PUT /books/1 [] []
[2018-09-10 22:52:11] my_logger.INFO: PUT /books/1 [] []
[2018-09-10 22:52:41] my_logger.INFO: get request to /hello/Joe [] []
[2018-09-10 22:52:41] my_logger.INFO: GET /books [] []
[2018-09-10 22:52:41] my_logger.INFO: GET /books/1 [] []
[2018-09-10 22:52:41] my_logger.INFO: GET /books/1 [] []
[2018-09-10 22:52:41] my_logger.INFO: PUT /books/1 [] []
[2018-09-10 22:52:41] my_logger.INFO: PUT /books/1 [] []
[2018-09-10 22:52:41] my_logger.INFO: PUT /books/1 [] []
[2018-09-10 22:52:41] my_logger.INFO: DELETE /books/1 [] []
[2018-09-10 22:52:41] my_logger.INFO: DELETE /books/1 [] []
[2018-09-10 22:52:51] my_logger.INFO: GET /books/1 [] []
[2018-09-10 22:59:00] my_logger.INFO: GET /books/1 [] []
[2018-09-10 23:05:46] my_logger.INFO: GET /books/1 [] []
[2018-09-10 23:22:48] my_logger.INFO: GET /books/1 [] []
[2018-09-11 17:58:36] my_logger.INFO: get request to /hello/your_name_here [] []
[2018-09-11 17:58:41] my_logger.INFO: GET /books [] []
[2018-09-11 18:10:59] my_logger.INFO: GET /books [] []
[2018-09-11 18:12:14] my_logger.INFO: GET /books [] []
[2018-09-11 18:12:33] my_logger.INFO: GET /books [] []
[2018-09-11 18:12:50] my_logger.INFO: GET /books [] []
[2018-09-11 18:13:08] my_logger.INFO: GET /books [] []
[2018-09-11 18:13:20] my_logger.INFO: GET /books [] []
[2018-09-11 18:13:42] my_logger.INFO: GET /books [] []
[2018-09-11 18:17:09] my_logger.INFO: GET /books [] []
[2018-09-11 18:17:37] my_logger.INFO: GET /books [] []
[2018-09-11 18:24:35] my_logger.INFO: GET /books [] []
[2018-09-11 18:25:16] my_logger.INFO: GET /books [] []
[2018-09-11 18:27:54] my_logger.INFO: GET /books [] []
[2018-09-11 18:29:16] my_logger.INFO: GET /books/1 [] []
[2018-09-11 18:29:32] my_logger.INFO: GET /books/1 [] []
[2018-09-11 18:29:39] my_logger.INFO: GET /books [] []
[2018-09-11 18:29:42] my_logger.INFO: GET /books/1 [] []
[2018-09-11 18:31:42] my_logger.INFO: GET /books/1 [] []
[2018-09-11 18:31:55] my_logger.INFO: GET /books [] []
[2018-09-11 18:31:56] my_logger.INFO: GET /books/1 [] []
[2018-09-11 18:32:07] my_logger.INFO: GET /books [] []
[2018-09-11 18:32:12] my_logger.INFO: GET /books [] []
[2018-09-11 18:32:15] my_logger.INFO: GET /books [] []
[2018-09-11 18:32:42] my_logger.INFO: GET /books/1 [] []
[2018-09-11 18:32:50] my_logger.INFO: GET /books/1 [] []
[2018-09-11 18:34:22] my_logger.INFO: GET /books [] []
[2018-09-11 18:34:23] my_logger.INFO: GET /books/1 [] []
[2018-09-11 18:36:33] my_logger.INFO: GET /books [] []
[2018-09-11 18:36:34] my_logger.INFO: GET /books/1 [] []
[2018-09-11 18:36:40] my_logger.INFO: GET /books/1 [] []
[2018-09-11 18:38:31] my_logger.INFO: GET /books [] []
[2018-09-11 18:38:32] my_logger.INFO: GET /books/1 [] []
[2018-09-11 18:41:08] my_logger.INFO: GET /books [] []
[2018-09-11 18:41:09] my_logger.INFO: GET /books/1 [] []
[2018-09-11 18:43:27] my_logger.INFO: GET /books/1 [] []
[2018-09-11 18:43:37] my_logger.INFO: GET /books/1 [] []
[2018-09-11 18:43:47] my_logger.INFO: GET /books/1 [] []
[2018-09-11 18:43:49] my_logger.INFO: GET /books/1 [] []
[2018-09-11 18:44:27] my_logger.INFO: GET /books/1 [] []
[2018-09-11 18:44:38] my_logger.INFO: GET /books/1 [] []
[2018-09-11 18:45:41] my_logger.INFO: GET /books/1 [] []
[2018-09-11 18:45:49] my_logger.INFO: GET /books/1 [] []
[2018-09-11 18:46:03] my_logger.INFO: GET /books [] []
[2018-09-11 18:46:06] my_logger.INFO: GET /books/1 [] []
[2018-09-11 18:46:21] my_logger.INFO: GET /books/1 [] []
[2018-09-11 18:46:32] my_logger.INFO: GET /books/1 [] []
[2018-09-11 18:46:34] my_logger.INFO: GET /books/1 [] []
[2018-09-11 18:46:41] my_logger.INFO: GET /books/1 [] []
[2018-09-11 18:51:17] my_logger.INFO: GET /books/1 [] []
[2018-09-11 18:52:06] my_logger.INFO: GET /books/1 [] []
[2018-09-11 18:52:09] my_logger.INFO: GET /books/1 [] []
[2018-09-11 18:55:58] my_logger.INFO: GET /books/1 [] []
[2018-09-11 18:57:44] my_logger.INFO: GET /books/1 [] []
[2018-09-11 18:57:52] my_logger.INFO: GET /books/1 [] []
[2018-09-11 18:58:15] my_logger.INFO: GET /books/1 [] []
[2018-09-11 18:58:19] my_logger.INFO: GET /books/1 [] []
[2018-09-11 18:58:21] my_logger.INFO: GET /books/1 [] []
[2018-09-11 18:59:04] my_logger.INFO: GET /books/5 [] []
[2018-09-11 18:59:54] my_logger.INFO: GET /books/5 [] []
[2018-09-11 18:59:58] my_logger.INFO: GET /books/1 [] []
[2018-09-11 19:01:47] my_logger.INFO: GET /books/1 [] []
[2018-09-11 19:01:49] my_logger.INFO: GET /books/1 [] []
[2018-09-11 19:02:10] my_logger.INFO: GET /books/1 [] []
[2018-09-11 19:02:19] my_logger.INFO: GET /books/1 [] []
[2018-09-11 19:02:21] my_logger.INFO: GET /books/1 [] []
[2018-09-11 19:02:22] my_logger.INFO: GET /books/1 [] []
[2018-09-11 19:02:32] my_logger.INFO: GET /books/1 [] []
[2018-09-11 19:02:33] my_logger.INFO: GET /books/1 [] []
[2018-09-11 19:02:33] my_logger.INFO: GET /books/1 [] []
[2018-09-11 19:07:46] my_logger.INFO: GET /books/1 [] []
[2018-09-11 19:22:27] my_logger.INFO: GET /books [] []
[2018-09-11 19:25:25] my_logger.INFO: GET /books/1 [] []
[2018-09-11 19:36:24] my_logger.INFO: GET /books/1 [] []
[2018-09-11 19:36:26] my_logger.INFO: GET /books/1 [] []
[2018-09-11 19:36:46] my_logger.INFO: GET /books [] []
[2018-09-12 02:12:32] my_logger.INFO: GET /books [] []
[2018-09-12 02:12:34] my_logger.INFO: GET /books/1 [] []
[2018-09-12 02:12:37] my_logger.INFO: GET /books/1 [] []
[2018-09-12 12:48:00] my_logger.INFO: GET /books [] []
[2018-09-12 12:52:03] my_logger.INFO: GET /books [] []
[2018-09-12 12:52:06] my_logger.INFO: GET /books/1 [] []
[2018-09-12 12:52:08] my_logger.INFO: GET /books/1 [] []
[2018-09-12 12:54:50] my_logger.INFO: GET /books [] []
[2018-09-12 12:56:06] my_logger.INFO: GET /books [] []
[2018-09-12 13:07:28] my_logger.INFO: GET /books [] []
[2018-09-12 13:07:55] my_logger.INFO: GET /books/1 [] []
[2018-09-12 13:20:10] my_logger.INFO: GET /books [] []
[2018-09-12 13:20:46] my_logger.INFO: GET /books [] []
[2018-09-12 13:33:35] my_logger.INFO: GET /books [] []
[2018-09-12 13:33:37] my_logger.INFO: GET /books [] []
[2018-09-12 13:37:01] my_logger.INFO: GET /books [] []
[2018-09-12 13:37:04] my_logger.INFO: GET /books/1 [] []
[2018-09-12 13:37:13] my_logger.INFO: GET /books/1 [] []
[2018-09-12 13:40:06] my_logger.INFO: GET /books [] []
[2018-09-12 13:40:07] my_logger.INFO: GET /books/1 [] []
[2018-09-12 13:40:08] my_logger.INFO: GET /books/1 [] []
[2018-09-12 13:40:09] my_logger.INFO: GET /books/1 [] []
[2018-09-12 13:40:13] my_logger.INFO: GET /books/1 [] []
[2018-09-12 13:40:17] my_logger.INFO: GET /books [] []
[2018-09-12 13:40:51] my_logger.INFO: GET /books/1 [] []
[2018-09-12 13:55:06] my_logger.INFO: GET /books/1 [] []
[2018-09-12 13:58:42] my_logger.INFO: GET /books/1 [] []
[2018-09-12 13:58:44] my_logger.INFO: GET /books/1 [] []
[2018-09-12 14:02:59] my_logger.INFO: GET /books [] []
[2018-09-12 14:03:04] my_logger.INFO: GET /books/1 [] []
[2018-09-12 14:03:08] my_logger.INFO: GET /books/1 [] []
[2018-09-12 14:03:13] my_logger.INFO: GET /books/1 [] []
[2018-09-12 14:03:17] my_logger.INFO: GET /books/1 [] []
[2018-09-12 14:11:44] my_logger.INFO: GET /books/1 [] []
[2018-09-12 14:11:47] my_logger.INFO: GET /books/1 [] []
[2018-09-12 14:11:52] my_logger.INFO: GET /books/1 [] []
[2018-09-12 14:11:53] my_logger.INFO: GET /books/1 [] []
[2018-09-12 14:11:54] my_logger.INFO: GET /books/1 [] []
[2018-09-12 14:11:55] my_logger.INFO: GET /books/1 [] []
[2018-09-12 14:17:20] my_logger.INFO: GET /books [] []
[2018-09-12 14:20:44] my_logger.INFO: GET /books [] []
[2018-09-12 14:24:35] my_logger.INFO: GET /books/1 [] []
[2018-09-12 14:24:48] my_logger.INFO: GET /books/1 [] []
[2018-09-12 14:25:50] my_logger.INFO: GET /books [] []
[2018-09-12 14:26:16] my_logger.INFO: GET /books [] []
[2018-09-12 14:27:43] my_logger.INFO: GET /books [] []
[2018-09-12 14:33:45] my_logger.INFO: GET /books/1 [] []
[2018-09-12 14:33:47] my_logger.INFO: GET /books/1 [] []
[2018-09-12 14:34:19] my_logger.INFO: GET /books/1 [] []
[2018-09-12 14:34:20] my_logger.INFO: GET /books/1 [] []
[2018-09-12 14:34:24] my_logger.INFO: GET /books/1 [] []
[2018-09-12 14:34:32] my_logger.INFO: GET /books [] []
[2018-09-12 14:34:35] my_logger.INFO: GET /books/1 [] []
[2018-09-12 14:35:01] my_logger.INFO: GET /books/1 [] []
[2018-09-12 14:35:03] my_logger.INFO: GET /books/1 [] []
[2018-09-12 14:35:08] my_logger.INFO: GET /books [] []
[2018-09-12 14:35:09] my_logger.INFO: GET /books [] []
[2018-09-12 14:35:10] my_logger.INFO: GET /books/1 [] []
[2018-09-12 14:38:43] my_logger.INFO: GET /books [] []
[2018-09-12 14:38:45] my_logger.INFO: GET /books/1 [] []
[2018-09-12 14:38:49] my_logger.INFO: GET /books/1 [] []
[2018-09-12 14:38:58] my_logger.INFO: GET /books/1 [] []
[2018-09-12 14:39:49] my_logger.INFO: GET /books [] []
[2018-09-12 14:40:51] my_logger.INFO: GET /books [] []
[2018-09-12 14:43:54] my_logger.INFO: GET /books [] []
[2018-09-12 14:48:21] my_logger.INFO: GET /books [] []
[2018-09-12 14:48:26] my_logger.INFO: GET /books [] []
[2018-09-12 14:54:17] my_logger.INFO: GET /books [] []
[2018-09-12 14:54:40] my_logger.INFO: GET /books [] []
[2018-09-12 14:56:47] my_logger.INFO: GET /books [] []
[2018-09-12 15:05:00] my_logger.INFO: GET /books/1 [] []
[2018-09-12 15:05:04] my_logger.INFO: GET /books/1 [] []
[2018-09-12 15:06:49] my_logger.INFO: GET /books [] []
[2018-09-12 15:06:51] my_logger.INFO: GET /books/1 [] []
[2018-09-12 15:06:53] my_logger.INFO: GET /books/1 [] []
[2018-09-12 15:08:03] my_logger.INFO: GET /books [] []
[2018-09-12 15:10:48] my_logger.INFO: GET /books [] []
[2018-09-12 15:10:51] my_logger.INFO: GET /books [] []
[2018-09-13 12:27:08] my_logger.INFO: GET /books [] []
[2018-09-13 12:27:12] my_logger.INFO: GET /books [] []
[2018-09-13 12:30:39] my_logger.INFO: GET /books [] []
[2018-09-13 12:31:00] my_logger.INFO: GET /books [] []
[2018-09-13 12:31:27] my_logger.INFO: GET /books [] []
[2018-09-13 12:38:41] my_logger.INFO: GET /books/1 [] []
[2018-09-13 12:41:12] my_logger.INFO: POST /books/ [] []
[2018-09-13 12:41:12] my_logger.INFO: POST /books/ [] []
[2018-09-13 12:41:13] my_logger.INFO: POST /books/ [] []
[2018-09-13 12:43:40] my_logger.INFO: POST /books/ [] []
[2018-09-13 12:43:41] my_logger.INFO: POST /books/ [] []
[2018-09-13 12:43:41] my_logger.INFO: POST /books/ [] []
[2018-09-13 12:43:42] my_logger.INFO: POST /books/ [] []
[2018-09-13 12:44:07] my_logger.INFO: POST /books [] []
[2018-09-13 12:44:08] my_logger.INFO: POST /books [] []
[2018-09-13 12:47:10] my_logger.INFO: POST /books [] []
[2018-09-13 12:51:24] my_logger.INFO: POST /books [] []
[2018-09-13 12:51:25] my_logger.INFO: POST /books [] []
[2018-09-13 12:51:25] my_logger.INFO: POST /books [] []
[2018-09-13 12:51:25] my_logger.INFO: POST /books [] []
[2018-09-13 12:51:25] my_logger.INFO: POST /books [] []
[2018-09-13 12:51:26] my_logger.INFO: POST /books [] []
[2018-09-13 12:51:26] my_logger.INFO: POST /books [] []
[2018-09-13 12:51:26] my_logger.INFO: POST /books [] []
[2018-09-13 12:52:03] my_logger.INFO: POST /books [] []
[2018-09-13 12:52:06] my_logger.INFO: POST /books [] []
[2018-09-13 12:52:09] my_logger.INFO: POST /books [] []
[2018-09-13 12:52:10] my_logger.INFO: POST /books [] []
[2018-09-13 12:56:59] my_logger.INFO: POST /books [] []
[2018-09-13 12:57:26] my_logger.INFO: POST /books [] []
[2018-09-13 12:57:27] my_logger.INFO: POST /books [] []
[2018-09-13 12:57:27] my_logger.INFO: POST /books [] []
[2018-09-13 12:57:32] my_logger.INFO: POST /books [] []
[2018-09-13 12:59:20] my_logger.INFO: POST /books [] []
[2018-09-13 12:59:35] my_logger.INFO: GET /books [] []
[2018-09-13 12:59:43] my_logger.INFO: GET /books/books [] []
[2018-09-13 12:59:50] my_logger.INFO: POST /books [] []
[2018-09-13 13:00:00] my_logger.INFO: GET /books [] []
[2018-09-13 13:00:16] my_logger.INFO: GET /books [] []
[2018-09-13 13:00:19] my_logger.INFO: GET /books [] []
[2018-09-13 13:00:21] my_logger.INFO: POST /books [] []
[2018-09-13 13:01:17] my_logger.INFO: POST /books [] []
[2018-09-13 13:01:18] my_logger.INFO: POST /books [] []
[2018-09-13 13:01:39] my_logger.INFO: GET /books [] []
[2018-09-13 13:01:40] my_logger.INFO: GET /books/1 [] []
[2018-09-13 13:01:42] my_logger.INFO: GET /books/1 [] []
[2018-09-13 13:01:44] my_logger.INFO: GET /books/1 [] []
[2018-09-13 13:03:40] my_logger.INFO: GET /books/1 [] []
[2018-09-13 13:05:28] my_logger.INFO: GET /books/1 [] []
[2018-09-13 13:05:31] my_logger.INFO: GET /books/1 [] []
[2018-09-13 13:05:55] my_logger.INFO: GET /books/1 [] []
[2018-09-13 13:05:57] my_logger.INFO: GET /books/1 [] []
[2018-09-13 13:05:58] my_logger.INFO: GET /books/1 [] []
[2018-09-13 13:05:59] my_logger.INFO: GET /books/1 [] []
[2018-09-13 13:06:40] my_logger.INFO: GET /books/1 [] []
[2018-09-13 13:06:46] my_logger.INFO: GET /books/1 [] []
[2018-09-13 13:07:33] my_logger.INFO: GET /books/1 [] []
[2018-09-13 13:08:57] my_logger.INFO: GET /books/1 [] []
[2018-09-13 13:08:58] my_logger.INFO: GET /books/1 [] []
[2018-09-13 13:11:15] my_logger.INFO: POST /books/ [] []
[2018-09-13 13:11:33] my_logger.INFO: GET /books/1 [] []
[2018-09-13 13:17:06] my_logger.INFO: GET /books [] []
[2018-09-13 13:17:37] my_logger.INFO: POST /books [] []
[2018-09-13 13:17:58] my_logger.INFO: POST /books [] []
[2018-09-13 13:18:52] my_logger.INFO: GET /books/1 [] []
[2018-09-13 13:20:31] my_logger.INFO: GET /books/1 [] []
[2018-09-13 13:21:49] my_logger.INFO: GET /books [] []
[2018-09-13 13:22:17] my_logger.INFO: PUT /books/1 [] []
[2018-09-13 13:23:12] my_logger.INFO: PUT /books/1 [] []
[2018-09-13 13:24:04] my_logger.INFO: PUT /books/1 [] []
[2018-09-13 13:24:41] my_logger.INFO: PUT /books/1 [] []
[2018-09-13 13:24:58] my_logger.INFO: GET /books [] []
[2018-09-13 13:25:00] my_logger.INFO: GET /books/1 [] []
[2018-09-13 13:25:16] my_logger.INFO: GET /books [] []
[2018-09-13 13:25:20] my_logger.INFO: GET /books/1 [] []
[2018-09-13 13:25:25] my_logger.INFO: GET /books/1 [] []
[2018-09-13 13:27:38] my_logger.INFO: PUT /books/1 [] []
[2018-09-13 13:27:39] my_logger.INFO: PUT /books/1 [] []
[2018-09-13 13:35:52] my_logger.INFO: GET /books [] []
[2018-09-13 13:37:07] my_logger.INFO: POST /books [] []
[2018-09-13 13:38:39] my_logger.INFO: POST /books [] []
[2018-09-13 13:40:16] my_logger.INFO: GET /books [] []
[2018-09-13 13:40:34] my_logger.INFO: POST /books [] []
[2018-09-13 13:40:47] my_logger.INFO: POST /books [] []
[2018-09-13 13:42:19] my_logger.INFO: get request to /hello/Joe [] []
[2018-09-13 13:42:19] my_logger.INFO: GET /books [] []
[2018-09-13 13:42:19] my_logger.INFO: GET /books/1 [] []
[2018-09-13 13:42:19] my_logger.INFO: GET /books/1 [] []
[2018-09-13 13:42:19] my_logger.INFO: PUT /books/1 [] []
[2018-09-13 13:42:19] my_logger.INFO: PUT /books/1 [] []
[2018-09-13 13:42:19] my_logger.INFO: PUT /books/1 [] []
[2018-09-13 13:42:19] my_logger.INFO: DELETE /books/1 [] []
[2018-09-13 13:42:19] my_logger.INFO: DELETE /books/1 [] []
[2018-09-13 13:46:46] my_logger.INFO: get request to /hello/Joe [] []
[2018-09-13 13:46:46] my_logger.INFO: GET /books [] []
[2018-09-13 13:46:46] my_logger.INFO: GET /books/1 [] []
[2018-09-13 13:46:46] my_logger.INFO: GET /books/1 [] []
[2018-09-13 13:46:46] my_logger.INFO: PUT /books/1 [] []
[2018-09-13 13:46:46] my_logger.INFO: PUT /books/1 [] []
[2018-09-13 13:46:46] my_logger.INFO: PUT /books/1 [] []
[2018-09-13 13:46:46] my_logger.INFO: DELETE /books/1 [] []
[2018-09-13 13:46:46] my_logger.INFO: DELETE /books/1 [] []
[2018-09-13 13:47:41] my_logger.INFO: get request to /hello/Joe [] []
[2018-09-13 13:47:41] my_logger.INFO: GET /books [] []
[2018-09-13 13:47:41] my_logger.INFO: GET /books/1 [] []
[2018-09-13 13:47:41] my_logger.INFO: GET /books/1 [] []
[2018-09-13 13:47:41] my_logger.INFO: PUT /books/1 [] []
[2018-09-13 13:47:41] my_logger.INFO: PUT /books/1 [] []
[2018-09-13 13:47:41] my_logger.INFO: PUT /books/1 [] []
[2018-09-13 13:47:41] my_logger.INFO: DELETE /books/1 [] []
[2018-09-13 13:47:41] my_logger.INFO: DELETE /books/1 [] []
[2018-09-13 13:48:16] my_logger.INFO: get request to /hello/Joe [] []
[2018-09-13 13:48:16] my_logger.INFO: GET /books [] []
[2018-09-13 13:48:16] my_logger.INFO: GET /books/1 [] []
[2018-09-13 13:48:16] my_logger.INFO: GET /books/1 [] []
[2018-09-13 13:48:16] my_logger.INFO: PUT /books/1 [] []
[2018-09-13 13:48:16] my_logger.INFO: PUT /books/1 [] []
[2018-09-13 13:48:16] my_logger.INFO: PUT /books/1 [] []
[2018-09-13 13:48:16] my_logger.INFO: DELETE /books/1 [] []
[2018-09-13 13:48:16] my_logger.INFO: DELETE /books/1 [] []
[2018-09-13 13:52:53] my_logger.INFO: POST /books [] []
[2018-09-13 13:53:21] my_logger.INFO: GET /books [] []
[2018-09-13 13:53:41] my_logger.INFO: POST /books [] []
[2018-09-13 13:54:02] my_logger.INFO: POST /books/ [] []
[2018-09-13 13:54:03] my_logger.INFO: POST /books/ [] []
[2018-09-13 13:54:12] my_logger.INFO: POST /books [] []
[2018-09-13 13:54:21] my_logger.INFO: get request to /hello/Joe [] []
[2018-09-13 13:54:21] my_logger.INFO: GET /books [] []
[2018-09-13 13:54:21] my_logger.INFO: GET /books/1 [] []
[2018-09-13 13:54:21] my_logger.INFO: GET /books/1 [] []
[2018-09-13 13:54:21] my_logger.INFO: PUT /books/1 [] []
[2018-09-13 13:54:21] my_logger.INFO: PUT /books/1 [] []
[2018-09-13 13:54:21] my_logger.INFO: PUT /books/1 [] []
[2018-09-13 13:54:21] my_logger.INFO: DELETE /books/1 [] []
[2018-09-13 13:54:21] my_logger.INFO: DELETE /books/1 [] []
[2018-09-13 13:55:12] my_logger.INFO: GET /books [] []
[2018-09-13 13:55:14] my_logger.INFO: GET /books [] []
[2018-09-13 13:55:27] my_logger.INFO: GET /books [] []
[2018-09-13 13:55:31] my_logger.INFO: GET /books [] []
[2018-09-13 13:55:33] my_logger.INFO: GET /books [] []
[2018-09-13 13:55:39] my_logger.INFO: GET /books [] []
[2018-09-13 13:56:08] my_logger.INFO: PUT /books/1 [] []
[2018-09-13 13:56:18] my_logger.INFO: PUT /books/1 [] []
[2018-09-13 13:56:19] my_logger.INFO: PUT /books/1 [] []
[2018-09-13 13:57:19] my_logger.INFO: PUT /books/1 [] []
[2018-09-13 13:57:51] my_logger.INFO: PUT /books/3 [] []
[2018-09-13 13:58:05] my_logger.INFO: PUT /books/1 [] []
[2018-09-13 14:00:03] my_logger.INFO: PUT /books/1 [] []
[2018-09-13 14:00:03] my_logger.INFO: PUT /books/1 [] []
[2018-09-13 14:00:25] my_logger.INFO: PUT /books/1 [] []
[2018-09-13 14:02:03] my_logger.INFO: PUT /books/1 [] []
[2018-09-13 14:05:31] my_logger.INFO: PUT /books/1 [] []
[2018-09-13 14:05:38] my_logger.INFO: GET /books [] []
[2018-09-13 14:05:52] my_logger.INFO: GET /books [] []
[2018-09-13 14:05:54] my_logger.INFO: GET /books/1 [] []
[2018-09-13 14:05:57] my_logger.INFO: GET /books/1 [] []
[2018-09-13 14:07:46] my_logger.INFO: GET /books [] []
[2018-09-13 14:08:21] my_logger.INFO: GET /books/1 [] []
[2018-09-13 14:08:25] my_logger.INFO: GET /books/1 [] []
[2018-09-13 14:08:55] my_logger.INFO: GET /books/1 [] []
[2018-09-13 14:08:56] my_logger.INFO: GET /books/1 [] []
[2018-09-13 14:08:59] my_logger.INFO: GET /books/1 [] []
[2018-09-13 14:09:17] my_logger.INFO: GET /books/1 [] []
[2018-09-13 14:09:32] my_logger.INFO: GET /books [] []
[2018-09-13 14:09:36] my_logger.INFO: GET /books/1 [] []
[2018-09-13 14:09:51] my_logger.INFO: GET /books [] []
[2018-09-13 14:09:53] my_logger.INFO: GET /books/1 [] []
[2018-09-13 14:11:25] my_logger.INFO: GET /books [] []
[2018-09-13 14:11:31] my_logger.INFO: GET /books [] []
[2018-09-13 14:11:34] my_logger.INFO: GET /books/1 [] []
[2018-09-13 14:11:38] my_logger.INFO: GET /books/1 [] []
[2018-09-13 14:12:14] my_logger.INFO: GET /books [] []
[2018-09-13 14:12:26] my_logger.INFO: GET /books [] []
[2018-09-13 14:13:00] my_logger.INFO: GET /books [] []
[2018-09-13 14:14:16] my_logger.INFO: POST /books [] []
[2018-09-13 14:14:40] my_logger.INFO: POST /books [] []
[2018-09-13 14:15:29] my_logger.INFO: GET /books [] []
[2018-09-13 14:16:02] my_logger.INFO: GET /books [] []
[2018-09-13 14:19:53] my_logger.INFO: GET /books [] []
[2018-09-13 14:19:54] my_logger.INFO: GET /books/1 [] []
[2018-09-13 14:19:57] my_logger.INFO: GET /books/1 [] []
[2018-09-13 14:22:35] my_logger.INFO: GET /books/1 [] []
[2018-09-13 14:22:37] my_logger.INFO: GET /books/1 [] []
[2018-09-13 14:24:32] my_logger.INFO: GET /books [] []
[2018-09-13 14:25:12] my_logger.INFO: GET /books [] []
[2018-09-13 14:25:30] my_logger.INFO: GET /books [] []
[2018-09-13 14:25:30] my_logger.INFO: GET /books/1 [] []
[2018-09-13 14:25:34] my_logger.INFO: POST /books [] []
[2018-09-13 14:25:35] my_logger.INFO: POST /books [] []
[2018-09-13 14:27:41] my_logger.INFO: POST /books [] []
[2018-09-13 14:27:42] my_logger.INFO: POST /books [] []
[2018-09-13 14:28:32] my_logger.INFO: POST /books [] []
[2018-09-13 14:29:00] my_logger.INFO: POST /books/add [] []
[2018-09-13 14:29:02] my_logger.INFO: POST /books/add [] []
[2018-09-13 14:29:03] my_logger.INFO: POST /books/add [] []
[2018-09-13 14:29:06] my_logger.INFO: POST /books/add [] []
[2018-09-13 14:29:07] my_logger.INFO: POST /books/add [] []
[2018-09-13 14:29:08] my_logger.INFO: POST /books/add [] []
[2018-09-13 14:30:03] my_logger.INFO: POST /books [] []
[2018-09-13 14:31:03] my_logger.INFO: POST /books [] []
[2018-09-13 14:31:04] my_logger.INFO: POST /books [] []
[2018-09-13 14:34:11] my_logger.INFO: POST /books [] []
[2018-09-13 14:34:12] my_logger.INFO: POST /books [] []
[2018-09-13 14:34:57] my_logger.INFO: POST /books [] []
[2018-09-13 14:35:02] my_logger.INFO: POST /books [] []
[2018-09-13 14:36:26] my_logger.INFO: POST /books [] []
[2018-09-13 14:37:33] my_logger.INFO: POST /books [] []
[2018-09-13 14:42:49] my_logger.INFO: GET /books [] []
[2018-09-13 14:43:24] my_logger.INFO: GET /books [] []
[2018-09-13 14:45:04] my_logger.INFO: POST /books [] []
[2018-09-13 14:45:50] my_logger.INFO: GET /books [] []
[2018-09-13 14:46:05] my_logger.INFO: POST /books [] []
[2018-09-13 14:47:08] my_logger.INFO: GET /books [] []
[2018-09-13 14:47:22] my_logger.INFO: POST /books [] []
[2018-09-13 14:47:59] my_logger.INFO: POST /books [] []
[2018-09-13 14:48:17] my_logger.INFO: POST /books [] []
[2018-09-13 14:49:12] my_logger.INFO: POST /books [] []
[2018-09-13 14:49:35] my_logger.INFO: POST /books [] []
[2018-09-13 14:50:07] my_logger.INFO: GET /books [] []
[2018-09-13 14:50:16] my_logger.INFO: GET /books [] []
[2018-09-13 14:51:36] my_logger.INFO: POST /books [] []
[2018-09-13 14:51:54] my_logger.INFO: POST /books [] []
[2018-09-13 14:53:24] my_logger.INFO: GET /books [] []
[2018-09-13 14:53:30] my_logger.INFO: POST /books [] []
[2018-09-13 14:53:42] my_logger.INFO: GET /books [] []
[2018-09-13 14:56:44] my_logger.INFO: POST /books [] []
[2018-09-13 14:56:51] my_logger.INFO: GET /books [] []
[2018-09-13 14:58:35] my_logger.INFO: POST /books [] []
[2018-09-13 14:58:44] my_logger.INFO: POST /books [] []
[2018-09-13 14:59:35] my_logger.INFO: POST /books [] []
[2018-09-13 14:59:40] my_logger.INFO: GET /books [] []
[2018-09-13 15:00:14] my_logger.INFO: GET /books [] []
[2018-09-13 15:00:18] my_logger.INFO: GET /books [] []
[2018-09-13 15:00:28] my_logger.INFO: GET /books [] []
[2018-09-13 15:00:52] my_logger.INFO: GET /books [] []
[2018-09-13 15:01:13] my_logger.INFO: GET /books [] []
[2018-09-13 15:01:14] my_logger.INFO: GET /books [] []
[2018-09-13 15:01:24] my_logger.INFO: GET /books [] []
[2018-09-13 15:01:24] my_logger.INFO: GET /books [] []
[2018-09-13 15:01:30] my_logger.INFO: GET /books [] []
[2018-09-13 15:01:39] my_logger.INFO: GET /books [] []
[2018-09-13 15:01:39] my_logger.INFO: GET /books [] []
[2018-09-13 15:01:53] my_logger.INFO: GET /books [] []
[2018-09-13 15:02:04] my_logger.INFO: POST /books [] []
[2018-09-13 15:05:37] my_logger.INFO: POST /books/ [] []
[2018-09-13 15:07:04] my_logger.INFO: POST /books/ [] []
[2018-09-13 15:08:02] my_logger.INFO: POST /books [] []
[2018-09-13 15:09:48] my_logger.INFO: POST /books [] []
[2018-09-13 15:11:09] my_logger.INFO: POST /books [] []
[2018-09-13 15:11:59] my_logger.INFO: GET /books [] []
[2018-09-13 15:12:06] my_logger.INFO: GET /books [] []
[2018-09-13 15:12:12] my_logger.INFO: GET /books [] []
[2018-09-13 15:13:45] my_logger.INFO: GET /books/books [] []
[2018-09-13 15:13:54] my_logger.INFO: POST /books [] []
[2018-09-13 15:15:18] my_logger.INFO: GET /books [] []
[2018-09-13 15:15:31] my_logger.INFO: GET /books [] []
[2018-09-13 15:15:33] my_logger.INFO: GET /books [] []
[2018-09-13 15:15:34] my_logger.INFO: GET /books/1 [] []
[2018-09-13 15:15:36] my_logger.INFO: GET /books [] []
[2018-09-13 15:15:38] my_logger.INFO: GET /books [] []
[2018-09-13 15:16:44] my_logger.INFO: GET /books [] []
[2018-09-13 15:16:49] my_logger.INFO: GET /books [] []
[2018-09-13 15:17:11] my_logger.INFO: GET /books [] []
[2018-09-13 15:17:12] my_logger.INFO: GET /books/1 [] []
[2018-09-13 15:17:24] my_logger.INFO: GET /books [] []
[2018-09-13 15:17:26] my_logger.INFO: GET /books/1 [] []
[2018-09-13 15:18:08] my_logger.INFO: GET /books/1 [] []
[2018-09-13 15:18:10] my_logger.INFO: GET /books/1 [] []
[2018-09-13 15:18:49] my_logger.INFO: GET /books/1 [] []
[2018-09-13 15:19:06] my_logger.INFO: GET /books/1 [] []
[2018-09-13 15:19:08] my_logger.INFO: GET /books/1 [] []
[2018-09-13 15:19:50] my_logger.INFO: GET /books/1 [] []
[2018-09-13 15:19:50] my_logger.INFO: GET /books/1 [] []
[2018-09-13 15:19:51] my_logger.INFO: GET /books/1 [] []
[2018-09-13 15:20:33] my_logger.INFO: GET /books/1 [] []
[2018-09-13 15:20:34] my_logger.INFO: GET /books/1 [] []
[2018-09-13 15:20:34] my_logger.INFO: GET /books/1 [] []
[2018-09-13 15:20:35] my_logger.INFO: GET /books/1 [] []
[2018-09-13 15:20:37] my_logger.INFO: GET /books/1 [] []
[2018-09-13 15:20:39] my_logger.INFO: GET /books/1 [] []
[2018-09-13 15:21:00] my_logger.INFO: GET /books/1 [] []
[2018-09-13 15:21:03] my_logger.INFO: GET /books/1 [] []
[2018-09-13 15:21:06] my_logger.INFO: GET /books/1 [] []
[2018-09-13 15:22:10] my_logger.INFO: GET /books/1 [] []
[2018-09-13 15:22:10] my_logger.INFO: GET /books/1 [] []
[2018-09-13 15:22:11] my_logger.INFO: GET /books/1 [] []
[2018-09-13 15:22:12] my_logger.INFO: GET /books/1 [] []
[2018-09-13 15:22:12] my_logger.INFO: GET /books/1 [] []
[2018-09-13 15:22:13] my_logger.INFO: GET /books/1 [] []
[2018-09-13 15:22:13] my_logger.INFO: GET /books/1 [] []
[2018-09-13 15:24:12] my_logger.INFO: GET /books/1 [] []
[2018-09-13 15:24:14] my_logger.INFO: GET /books/1 [] []
[2018-09-13 15:24:20] my_logger.INFO: GET /books/1 [] []
[2018-09-13 15:24:38] my_logger.INFO: GET /books/1 [] []
[2018-09-13 15:24:50] my_logger.INFO: GET /books/1 [] []
[2018-09-13 15:25:07] my_logger.INFO: GET /books/1 [] []
[2018-09-13 15:26:22] my_logger.INFO: GET /books/1 [] []
[2018-09-13 15:26:30] my_logger.INFO: GET /books/1 [] []
[2018-09-13 15:26:32] my_logger.INFO: GET /books/1 [] []
[2018-09-13 15:27:02] my_logger.INFO: GET /books/1 [] []
[2018-09-13 15:27:04] my_logger.INFO: GET /books/1 [] []
[2018-09-13 15:27:16] my_logger.INFO: GET /books/1 [] []
[2018-09-13 15:27:17] my_logger.INFO: GET /books/1 [] []
[2018-09-13 15:28:20] my_logger.INFO: GET /books/1 [] []
[2018-09-13 15:28:21] my_logger.INFO: GET /books/1 [] []
[2018-09-13 15:28:44] my_logger.INFO: GET /books [] []
[2018-09-13 15:29:06] my_logger.INFO: POST /books [] []
[2018-09-13 15:29:18] my_logger.INFO: POST /books [] []
[2018-09-13 15:29:58] my_logger.INFO: POST /books [] []
[2018-09-13 15:30:25] my_logger.INFO: POST /books [] []
[2018-09-13 15:32:07] my_logger.INFO: GET /books [] []
[2018-09-13 15:32:09] my_logger.INFO: GET /books/1 [] []
[2018-09-13 15:32:14] my_logger.INFO: GET /books [] []
[2018-09-13 15:36:34] my_logger.INFO: GET /books [] []
[2018-09-13 15:36:37] my_logger.INFO: GET /books [] []
[2018-09-13 15:38:15] my_logger.INFO: GET /books [] []
[2018-09-13 15:38:17] my_logger.INFO: GET /books/1 [] []
[2018-09-13 15:38:19] my_logger.INFO: GET /books/1 [] []
[2018-09-13 21:14:04] my_logger.INFO: GET /books [] []
[2018-09-13 21:14:07] my_logger.INFO: GET /books [] []
[2018-09-13 21:14:32] my_logger.INFO: GET /books [] []
[2018-09-13 21:15:21] my_logger.INFO: GET /books [] []
[2018-09-13 21:22:55] my_logger.INFO: GET /books [] []
[2018-09-13 21:23:25] my_logger.INFO: POST /books/ [] []
[2018-09-13 21:23:37] my_logger.INFO: GET /books [] []
[2018-09-13 21:27:08] my_logger.INFO: GET /books/edit [] []
[2018-09-13 21:27:17] my_logger.INFO: GET /books [] []
[2018-09-13 21:27:19] my_logger.INFO: GET /books/1 [] []
[2018-09-13 21:27:21] my_logger.INFO: GET /books/1 [] []
[2018-09-13 21:27:24] my_logger.INFO: GET /books/1 [] []
[2018-09-13 21:28:06] my_logger.INFO: GET /books/1 [] []
[2018-09-13 21:28:08] my_logger.INFO: GET /books/1 [] []
[2018-09-13 21:28:15] my_logger.INFO: GET /books/1 [] []
[2018-09-13 21:29:34] my_logger.INFO: GET /books/1 [] []
[2018-09-13 21:29:58] my_logger.INFO: GET /books [] []
[2018-09-13 21:30:04] my_logger.INFO: GET /books/1 [] []
[2018-09-13 21:31:08] my_logger.INFO: GET /books [] []
[2018-09-13 21:31:10] my_logger.INFO: GET /books/1 [] []
[2018-09-13 21:31:38] my_logger.INFO: GET /books/1 [] []
[2018-09-13 21:31:55] my_logger.INFO: GET /books/1 [] []
[2018-09-13 21:31:59] my_logger.INFO: GET /books [] []
[2018-09-13 21:32:01] my_logger.INFO: GET /books [] []
[2018-09-13 21:32:03] my_logger.INFO: GET /books [] []
[2018-09-13 21:32:05] my_logger.INFO: GET /books/1 [] []
[2018-09-13 21:32:30] my_logger.INFO: GET /books/1 [] []
[2018-09-13 21:32:31] my_logger.INFO: PUT /books/1 [] []
[2018-09-13 21:32:45] my_logger.INFO: PUT /books/1 [] []
[2018-09-13 21:33:41] my_logger.INFO: GET /books/0 [] []
[2018-09-13 21:33:43] my_logger.INFO: GET /books/1 [] []
[2018-09-13 21:34:05] my_logger.INFO: GET /books [] []
[2018-09-13 21:34:06] my_logger.INFO: GET /books/1 [] []
[2018-09-13 21:34:10] my_logger.INFO: PUT /books/1 [] []
[2018-09-13 21:34:46] my_logger.INFO: GET /books/1 [] []
[2018-09-13 21:37:10] my_logger.INFO: GET /books/1 [] []
[2018-09-13 21:37:12] my_logger.INFO: PUT /books/undefined [] []
[2018-09-13 21:37:19] my_logger.INFO: GET /books/1 [] []
[2018-09-13 21:37:20] my_logger.INFO: PUT /books/1 [] []
[2018-09-13 21:37:25] my_logger.INFO: PUT /books/1 [] []
[2018-09-13 21:38:53] my_logger.INFO: GET /books/1 [] []
[2018-09-13 21:40:31] my_logger.INFO: PUT /books/1 [] []
[2018-09-13 21:40:37] my_logger.INFO: PUT /books/1 [] []
[2018-09-13 21:41:29] my_logger.INFO: GET /books/1 [] []
[2018-09-13 21:42:28] my_logger.INFO: PUT /books/1 [] []
[2018-09-13 21:44:58] my_logger.INFO: PUT /books/1 [] []
[2018-09-13 21:45:25] my_logger.INFO: PUT /books/1 [] []
[2018-09-13 21:45:27] my_logger.INFO: PUT /books/1 [] []
[2018-09-13 21:45:28] my_logger.INFO: PUT /books/1 [] []
[2018-09-13 21:46:05] my_logger.INFO: GET /books/1 [] []
[2018-09-13 21:46:13] my_logger.INFO: PUT /books/1 [] []
[2018-09-13 21:46:21] my_logger.INFO: PUT /books/1 [] []
[2018-09-13 21:46:37] my_logger.INFO: PUT /books/1 [] []
[2018-09-13 21:46:42] my_logger.INFO: GET /books/1 [] []
[2018-09-13 21:47:10] my_logger.INFO: GET /books [] []
[2018-09-13 21:47:11] my_logger.INFO: GET /books/1 [] []
[2018-09-13 21:47:14] my_logger.INFO: PUT /books/1 [] []
[2018-09-13 21:47:47] my_logger.INFO: PUT /books/1 [] []
[2018-09-13 21:47:48] my_logger.INFO: PUT /books/1 [] []
[2018-09-13 21:49:11] my_logger.INFO: GET /books/1 [] []
[2018-09-13 21:51:31] my_logger.INFO: PUT /books/1 [] []
[2018-09-13 21:51:37] my_logger.INFO: PUT /books/1 [] []
[2018-09-13 21:51:38] my_logger.INFO: GET /books/1 [] []
[2018-09-13 21:51:41] my_logger.INFO: PUT /books/1 [] []
[2018-09-13 21:51:44] my_logger.INFO: PUT /books/1 [] []
[2018-09-13 21:52:29] my_logger.INFO: GET /books/1 [] []
[2018-09-13 21:52:30] my_logger.INFO: PUT /books/1 [] []
[2018-09-13 21:54:17] my_logger.INFO: GET /books [] []
[2018-09-13 21:54:28] my_logger.INFO: POST /books/ [] []
[2018-09-13 21:54:38] my_logger.INFO: GET /books [] []
[2018-09-13 21:57:53] my_logger.INFO: POST /books/ [] []
[2018-09-13 22:03:51] my_logger.INFO: GET /books/1 [] []
[2018-09-13 22:04:03] my_logger.INFO: GET /books [] []
[2018-09-13 22:04:13] my_logger.INFO: POST /books/ [] []
[2018-09-13 22:07:43] my_logger.INFO: POST /books/ [] []
[2018-09-13 22:07:45] my_logger.INFO: POST /books/ [] []
[2018-09-13 22:08:07] my_logger.INFO: GET /books [] []
[2018-09-13 22:13:12] my_logger.INFO: POST /books/ [] []
[2018-09-13 22:13:20] my_logger.INFO: POST /books/ [] []
[2018-09-13 22:13:39] my_logger.INFO: GET /books [] []
[2018-09-13 22:14:31] my_logger.INFO: POST /books/ [] []
[2018-09-13 22:14:38] my_logger.INFO: POST /books/ [] []
[2018-09-13 22:17:26] my_logger.INFO: GET /books/1 [] []
[2018-09-13 22:17:53] my_logger.INFO: GET /books [] []
[2018-09-13 22:18:10] my_logger.INFO: POST /books/ [] []
[2018-09-13 22:18:41] my_logger.INFO: POST /books/ [] []
[2018-09-13 22:18:45] my_logger.INFO: GET /books [] []
[2018-09-13 22:18:48] my_logger.INFO: POST /books/ [] []
[2018-09-13 22:22:44] my_logger.INFO: POST /books/ [] []
[2018-09-13 22:24:27] my_logger.INFO: GET /books [] []
[2018-09-13 22:24:50] my_logger.INFO: POST /books/ [] []
[2018-09-13 22:24:59] my_logger.INFO: POST /books/ [] []
[2018-09-13 22:25:15] my_logger.INFO: POST /books/ [] []
[2018-09-13 22:31:01] my_logger.INFO: GET /books [] []
[2018-09-13 22:31:05] my_logger.INFO: GET /books [] []
[2018-09-13 22:31:14] my_logger.INFO: POST /books/ [] []
[2018-09-13 22:31:18] my_logger.INFO: POST /books/ [] []
[2018-09-13 22:32:13] my_logger.INFO: GET /books [] []
[2018-09-13 22:32:22] my_logger.INFO: POST /books/ [] []
[2018-09-13 22:32:50] my_logger.INFO: POST /books [] []
[2018-09-13 22:33:37] my_logger.INFO: GET /books [] []
[2018-09-13 22:33:39] my_logger.INFO: GET /books/3 [] []
[2018-09-13 22:33:41] my_logger.INFO: PUT /books/3 [] []
[2018-09-13 22:33:47] my_logger.INFO: PUT /books/3 [] []
[2018-09-13 22:34:08] my_logger.INFO: PUT /books/3 [] []
[2018-09-13 22:34:11] my_logger.INFO: PUT /books/3 [] []
[2018-09-13 22:35:14] my_logger.INFO: GET /books [] []
[2018-09-13 22:35:21] my_logger.INFO: POST /books [] []
[2018-09-13 22:36:12] my_logger.INFO: GET /books [] []
[2018-09-13 22:37:00] my_logger.INFO: GET /books [] []
[2018-09-13 22:37:22] my_logger.INFO: GET /books [] []
[2018-09-13 22:38:01] my_logger.INFO: GET /books [] []
[2018-09-13 22:38:39] my_logger.INFO: GET /books [] []
[2018-09-13 22:38:48] my_logger.INFO: GET /books [] []
[2018-09-13 22:38:50] my_logger.INFO: GET /books [] []
[2018-09-13 22:41:17] my_logger.INFO: GET /books [] []
[2018-09-13 22:41:36] my_logger.INFO: GET /books [] []
[2018-09-13 22:41:45] my_logger.INFO: GET /books [] []
[2018-09-13 22:41:47] my_logger.INFO: GET /books [] []
[2018-09-13 22:43:50] my_logger.INFO: POST /books [] []
[2018-09-13 22:47:17] my_logger.INFO: POST /books [] []
[2018-09-13 22:48:13] my_logger.INFO: GET /books [] []
[2018-09-13 22:48:18] my_logger.INFO: POST /books [] []
[2018-09-13 22:49:18] my_logger.INFO: POST /books [] []
[2018-09-13 22:50:38] my_logger.INFO: POST /books [] []
[2018-09-13 22:52:04] my_logger.INFO: POST /books [] []
[2018-09-13 22:57:58] my_logger.INFO: GET /books [] []
[2018-09-13 22:58:01] my_logger.INFO: GET /books [] []
[2018-09-13 22:58:07] my_logger.INFO: GET /books/1 [] []
[2018-09-13 22:58:10] my_logger.INFO: GET /books/1 [] []
[2018-09-13 22:58:13] my_logger.INFO: GET /books/1 [] []
[2018-09-13 22:58:16] my_logger.INFO: GET /books/1 [] []
[2018-09-13 22:59:08] my_logger.INFO: GET /books/1 [] []
[2018-09-13 22:59:13] my_logger.INFO: GET /books/1 [] []
[2018-09-13 22:59:21] my_logger.INFO: GET /books/1 [] []
[2018-09-13 22:59:24] my_logger.INFO: GET /books/1 [] []
[2018-09-13 23:03:03] my_logger.INFO: GET /books/1 [] []
[2018-09-13 23:03:05] my_logger.INFO: PUT /books/1 [] []
[2018-09-13 23:03:17] my_logger.INFO: GET /books/1 [] []
[2018-09-13 23:03:22] my_logger.INFO: PUT /books/1 [] []
[2018-09-13 23:03:26] my_logger.INFO: PUT /books/1 [] []
[2018-09-13 23:03:40] my_logger.INFO: GET /books/1 [] []
[2018-09-13 23:04:22] my_logger.INFO: PUT /books/1 [] []
[2018-09-13 23:06:19] my_logger.INFO: PUT /books/1 [] []
[2018-09-13 23:06:20] my_logger.INFO: PUT /books/1 [] []
[2018-09-13 23:06:20] my_logger.INFO: PUT /books/1 [] []
[2018-09-13 23:06:20] my_logger.INFO: PUT /books/1 [] []
[2018-09-13 23:06:20] my_logger.INFO: PUT /books/1 [] []
[2018-09-13 23:06:21] my_logger.INFO: PUT /books/1 [] []
[2018-09-13 23:06:42] my_logger.INFO: GET /books [] []
[2018-09-13 23:06:48] my_logger.INFO: GET /books/1 [] []
[2018-09-13 23:06:51] my_logger.INFO: DELETE /books/1 [] []
[2018-09-13 23:06:51] my_logger.INFO: GET /books [] []
[2018-09-13 23:06:54] my_logger.INFO: DELETE /books/3 [] []
[2018-09-13 23:06:54] my_logger.INFO: GET /books [] []
[2018-09-13 23:08:35] my_logger.INFO: POST /books [] []
[2018-09-13 23:08:56] my_logger.INFO: GET /books [] []
[2018-09-13 23:09:00] my_logger.INFO: GET /books/5 [] []
[2018-09-13 23:09:02] my_logger.INFO: PUT /books/5 [] []
[2018-09-13 23:09:18] my_logger.INFO: GET /books/5 [] []
[2018-09-13 23:10:12] my_logger.INFO: GET /books/1 [] []
[2018-09-13 23:10:14] my_logger.INFO: GET /books/1 [] []
[2018-09-13 23:10:18] my_logger.INFO: GET /books [] []
[2018-09-13 23:10:19] my_logger.INFO: GET /books/4 [] []
[2018-09-13 23:10:23] my_logger.INFO: PUT /books/4 [] []
[2018-09-13 23:10:43] my_logger.INFO: PUT /books/4 [] []
[2018-09-13 23:11:34] my_logger.INFO: GET /books/4 [] []
[2018-09-13 23:11:37] my_logger.INFO: GET /books/4 [] []
[2018-09-13 23:11:40] my_logger.INFO: GET /books/4 [] []
[2018-09-13 23:12:06] my_logger.INFO: GET /books/4 [] []
[2018-09-13 23:12:48] my_logger.INFO: GET /books/4 [] []
[2018-09-13 23:12:53] my_logger.INFO: GET /books/4 [] []
[2018-09-13 23:12:55] my_logger.INFO: GET /books/4 [] []
[2018-09-13 23:12:56] my_logger.INFO: GET /books/4 [] []
[2018-09-13 23:12:58] my_logger.INFO: GET /books/4 [] []
[2018-09-13 23:12:58] my_logger.INFO: GET /books/4 [] []
[2018-09-13 23:13:11] my_logger.INFO: GET /books/4 [] []
[2018-09-13 23:13:13] my_logger.INFO: PUT /books/4 [] []
[2018-09-13 23:13:17] my_logger.INFO: PUT /books/4 [] []
[2018-09-13 23:13:17] my_logger.INFO: GET /books [] []
[2018-09-13 23:13:20] my_logger.INFO: GET /books/4 [] []
[2018-09-13 23:13:22] my_logger.INFO: PUT /books/4 [] []
[2018-09-13 23:13:22] my_logger.INFO: GET /books [] []
[2018-09-13 23:14:13] my_logger.INFO: GET /books [] []
[2018-09-13 23:14:15] my_logger.INFO: GET /books [] []
[2018-09-13 23:14:20] my_logger.INFO: POST /books [] []
[2018-09-13 23:14:29] my_logger.INFO: POST /books [] []
[2018-09-13 23:14:54] my_logger.INFO: POST /books [] []
[2018-09-13 23:14:54] my_logger.INFO: GET /books [] []
[2018-09-13 23:15:05] my_logger.INFO: GET /books/4 [] []
[2018-09-13 23:15:07] my_logger.INFO: PUT /books/4 [] []
[2018-09-13 23:15:07] my_logger.INFO: GET /books [] []
[2018-09-13 23:15:23] my_logger.INFO: POST /books [] []
[2018-09-13 23:15:23] my_logger.INFO: GET /books [] []
[2018-09-13 23:15:48] my_logger.INFO: GET /books [] []
[2018-09-13 23:15:49] my_logger.INFO: GET /books/4 [] []
[2018-09-13 23:15:57] my_logger.INFO: GET /books/4 [] []
[2018-09-13 23:15:59] my_logger.INFO: PUT /books/4 [] []
[2018-09-13 23:15:59] my_logger.INFO: GET /books [] []
[2018-09-13 23:16:18] my_logger.INFO: POST /books [] []
[2018-09-13 23:16:18] my_logger.INFO: GET /books [] []
[2018-09-13 23:16:35] my_logger.INFO: GET /books [] []
[2018-09-13 23:16:53] my_logger.INFO: GET /books [] []
[2018-09-13 23:18:55] my_logger.INFO: GET /books [] []
[2018-09-13 23:18:57] my_logger.INFO: GET /books/4 [] []
